# JRE version: Java(TM) SE Runtime Environment (8.0_144-b01) (build 1.8.0_144-b01)
# Java VM: Java HotSpot(TM) 64-Bit Server VM (25.144-b01 mixed mode windows-amd64 compressed oops)
Heap:
 PSYoungGen      total 125952K, used 70557K [0x000000076ca00000, 0x000000077ab00000, 0x00000007c0000000)
  eden space 115200K, 53% used [0x000000076ca00000,0x00000007706a48c8,0x0000000773a80000)
  from space 10752K, 78% used [0x0000000773a80000,0x00000007742c2c68,0x0000000774500000)
  to   space 10240K, 0% used [0x000000077a100000,0x000000077a100000,0x000000077ab00000)
 ParOldGen       total 121344K, used 6352K [0x00000006c5e00000, 0x00000006cd480000, 0x000000076ca00000)
  object space 121344K, 5% used [0x00000006c5e00000,0x00000006c6434000,0x00000006cd480000)
 Metaspace       used 25906K, capacity 26834K, committed 26880K, reserved 1073152K
  class space    used 3340K, capacity 3576K, committed 3584K, reserved 1048576K
GC Heap History (10 events):
Event: 0.694 GC heap before
{Heap before GC invocations=2 (full 1):
 PSYoungGen      total 75264K, used 6448K [0x000000076ca00000, 0x0000000771e00000, 0x00000007c0000000)
  eden space 64512K, 0% used [0x000000076ca00000,0x000000076ca00000,0x0000000770900000)
  from space 10752K, 59% used [0x0000000770900000,0x0000000770f4c0d8,0x0000000771380000)
  to   space 10752K, 0% used [0x0000000771380000,0x0000000771380000,0x0000000771e00000)
 ParOldGen       total 172032K, used 80K [0x00000006c5e00000, 0x00000006d0600000, 0x000000076ca00000)
  object space 172032K, 0% used [0x00000006c5e00000,0x00000006c5e14010,0x00000006d0600000)
 Metaspace       used 20518K, capacity 21160K, committed 21248K, reserved 1067008K
  class space    used 2830K, capacity 2993K, committed 3072K, reserved 1048576K
Event: 0.713 GC heap after
Heap after GC invocations=2 (full 1):
 PSYoungGen      total 75264K, used 0K [0x000000076ca00000, 0x0000000771e00000, 0x00000007c0000000)
  eden space 64512K, 0% used [0x000000076ca00000,0x000000076ca00000,0x0000000770900000)
  from space 10752K, 0% used [0x0000000770900000,0x0000000770900000,0x0000000771380000)
  to   space 10752K, 0% used [0x0000000771380000,0x0000000771380000,0x0000000771e00000)
 ParOldGen       total 121344K, used 6336K [0x00000006c5e00000, 0x00000006cd480000, 0x000000076ca00000)
  object space 121344K, 5% used [0x00000006c5e00000,0x00000006c6430000,0x00000006cd480000)
 Metaspace       used 20518K, capacity 21160K, committed 21248K, reserved 1067008K
  class space    used 2830K, capacity 2993K, committed 3072K, reserved 1048576K
}
Event: 1.312 GC heap before
{Heap before GC invocations=3 (full 1):
 PSYoungGen      total 75264K, used 64456K [0x000000076ca00000, 0x0000000771e00000, 0x00000007c0000000)
  eden space 64512K, 99% used [0x000000076ca00000,0x00000007708f21a0,0x0000000770900000)
  from space 10752K, 0% used [0x0000000770900000,0x0000000770900000,0x0000000771380000)
  to   space 10752K, 0% used [0x0000000771380000,0x0000000771380000,0x0000000771e00000)
 ParOldGen       total 121344K, used 6336K [0x00000006c5e00000, 0x00000006cd480000, 0x000000076ca00000)
  object space 121344K, 5% used [0x00000006c5e00000,0x00000006c6430000,0x00000006cd480000)
 Metaspace       used 23515K, capacity 24304K, committed 24448K, reserved 1071104K
  class space    used 3175K, capacity 3365K, committed 3456K, reserved 1048576K
Event: 1.317 GC heap after
Heap after GC invocations=3 (full 1):
 PSYoungGen      total 75264K, used 8703K [0x000000076ca00000, 0x0000000772d00000, 0x00000007c0000000)
  eden space 64512K, 0% used [0x000000076ca00000,0x000000076ca00000,0x0000000770900000)
  from space 10752K, 80% used [0x0000000771380000,0x0000000771bffff8,0x0000000771e00000)
  to   space 10752K, 0% used [0x0000000770900000,0x0000000770900000,0x0000000771380000)
 ParOldGen       total 121344K, used 6344K [0x00000006c5e00000, 0x00000006cd480000, 0x000000076ca00000)
  object space 121344K, 5% used [0x00000006c5e00000,0x00000006c6432000,0x00000006cd480000)
 Metaspace       used 23515K, capacity 24304K, committed 24448K, reserved 1071104K
  class space    used 3175K, capacity 3365K, committed 3456K, reserved 1048576K
}
Event: 1.327 GC heap before
{Heap before GC invocations=4 (full 1):
 PSYoungGen      total 75264K, used 73171K [0x000000076ca00000, 0x0000000772d00000, 0x00000007c0000000)
  eden space 64512K, 99% used [0x000000076ca00000,0x00000007708f4e98,0x0000000770900000)
  from space 10752K, 80% used [0x0000000771380000,0x0000000771bffff8,0x0000000771e00000)
  to   space 10752K, 0% used [0x0000000770900000,0x0000000770900000,0x0000000771380000)
 ParOldGen       total 121344K, used 6344K [0x00000006c5e00000, 0x00000006cd480000, 0x000000076ca00000)
  object space 121344K, 5% used [0x00000006c5e00000,0x00000006c6432000,0x00000006cd480000)
 Metaspace       used 23516K, capacity 24304K, committed 24448K, reserved 1071104K
  class space    used 3175K, capacity 3365K, committed 3456K, reserved 1048576K
Event: 1.330 GC heap after
Heap after GC invocations=4 (full 1):
 PSYoungGen      total 75264K, used 5423K [0x000000076ca00000, 0x0000000774f80000, 0x00000007c0000000)
  eden space 64512K, 0% used [0x000000076ca00000,0x000000076ca00000,0x0000000770900000)
  from space 10752K, 50% used [0x0000000770900000,0x0000000770e4bd78,0x0000000771380000)
  to   space 10752K, 0% used [0x0000000774500000,0x0000000774500000,0x0000000774f80000)
 ParOldGen       total 121344K, used 6344K [0x00000006c5e00000, 0x00000006cd480000, 0x000000076ca00000)
  object space 121344K, 5% used [0x00000006c5e00000,0x00000006c6432000,0x00000006cd480000)
 Metaspace       used 23516K, capacity 24304K, committed 24448K, reserved 1071104K
  class space    used 3175K, capacity 3365K, committed 3456K, reserved 1048576K
}
Event: 1.337 GC heap before
{Heap before GC invocations=5 (full 1):
 PSYoungGen      total 75264K, used 69800K [0x000000076ca00000, 0x0000000774f80000, 0x00000007c0000000)
  eden space 64512K, 99% used [0x000000076ca00000,0x00000007708de3a8,0x0000000770900000)
  from space 10752K, 50% used [0x0000000770900000,0x0000000770e4bd78,0x0000000771380000)
  to   space 10752K, 0% used [0x0000000774500000,0x0000000774500000,0x0000000774f80000)
 ParOldGen       total 121344K, used 6344K [0x00000006c5e00000, 0x00000006cd480000, 0x000000076ca00000)
  object space 121344K, 5% used [0x00000006c5e00000,0x00000006c6432000,0x00000006cd480000)
 Metaspace       used 23516K, capacity 24304K, committed 24448K, reserved 1071104K
  class space    used 3175K, capacity 3365K, committed 3456K, reserved 1048576K
Event: 1.341 GC heap after
Heap after GC invocations=5 (full 1):
 PSYoungGen      total 125952K, used 7617K [0x000000076ca00000, 0x0000000775480000, 0x00000007c0000000)
  eden space 115200K, 0% used [0x000000076ca00000,0x000000076ca00000,0x0000000773a80000)
  from space 10752K, 70% used [0x0000000774500000,0x0000000774c704a8,0x0000000774f80000)
  to   space 10752K, 0% used [0x0000000773a80000,0x0000000773a80000,0x0000000774500000)
 ParOldGen       total 121344K, used 6344K [0x00000006c5e00000, 0x00000006cd480000, 0x000000076ca00000)
  object space 121344K, 5% used [0x00000006c5e00000,0x00000006c6432000,0x00000006cd480000)
 Metaspace       used 23516K, capacity 24304K, committed 24448K, reserved 1071104K
  class space    used 3175K, capacity 3365K, committed 3456K, reserved 1048576K
}
Event: 2.036 GC heap before
{Heap before GC invocations=6 (full 1):
 PSYoungGen      total 125952K, used 122817K [0x000000076ca00000, 0x0000000775480000, 0x00000007c0000000)
  eden space 115200K, 100% used [0x000000076ca00000,0x0000000773a80000,0x0000000773a80000)
  from space 10752K, 70% used [0x0000000774500000,0x0000000774c704a8,0x0000000774f80000)
  to   space 10752K, 0% used [0x0000000773a80000,0x0000000773a80000,0x0000000774500000)
 ParOldGen       total 121344K, used 6344K [0x00000006c5e00000, 0x00000006cd480000, 0x000000076ca00000)
  object space 121344K, 5% used [0x00000006c5e00000,0x00000006c6432000,0x00000006cd480000)
 Metaspace       used 23797K, capacity 24626K, committed 24960K, reserved 1071104K
  class space    used 3208K, capacity 3406K, committed 3456K, reserved 1048576K
Event: 2.040 GC heap after
Heap after GC invocations=6 (full 1):
 PSYoungGen      total 125952K, used 8459K [0x000000076ca00000, 0x000000077ab00000, 0x00000007c0000000)
  eden space 115200K, 0% used [0x000000076ca00000,0x000000076ca00000,0x0000000773a80000)
  from space 10752K, 78% used [0x0000000773a80000,0x00000007742c2c68,0x0000000774500000)
  to   space 10240K, 0% used [0x000000077a100000,0x000000077a100000,0x000000077ab00000)
 ParOldGen       total 121344K, used 6352K [0x00000006c5e00000, 0x00000006cd480000, 0x000000076ca00000)
  object space 121344K, 5% used [0x00000006c5e00000,0x00000006c6434000,0x00000006cd480000)
 Metaspace       used 23797K, capacity 24626K, committed 24960K, reserved 1071104K
  class space    used 3208K, capacity 3406K, committed 3456K, reserved 1048576K
}

