# JRE version: Java(TM) SE Runtime Environment (8.0_144-b01) (build 1.8.0_144-b01)
# Java VM: Java HotSpot(TM) 64-Bit Server VM (25.144-b01 mixed mode windows-amd64 compressed oops)
Heap:
 PSYoungGen      total 129024K, used 33808K [0x000000076ca00000, 0x000000077b100000, 0x00000007c0000000)
  eden space 118272K, 21% used [0x000000076ca00000,0x000000076e280e40,0x0000000773d80000)
  from space 10752K, 81% used [0x0000000773d80000,0x0000000774603238,0x0000000774800000)
  to   space 9216K, 0% used [0x000000077a800000,0x000000077a800000,0x000000077b100000)
 ParOldGen       total 121344K, used 6328K [0x00000006c5e00000, 0x00000006cd480000, 0x000000076ca00000)
  object space 121344K, 5% used [0x00000006c5e00000,0x00000006c642e0b0,0x00000006cd480000)
 Metaspace       used 25223K, capacity 26152K, committed 26368K, reserved 1073152K
  class space    used 3324K, capacity 3571K, committed 3584K, reserved 1048576K
GC Heap History (10 events):
Event: 0.596 GC heap before
{Heap before GC invocations=2 (full 1):
 PSYoungGen      total 75264K, used 6653K [0x000000076ca00000, 0x0000000771e00000, 0x00000007c0000000)
  eden space 64512K, 0% used [0x000000076ca00000,0x000000076ca00000,0x0000000770900000)
  from space 10752K, 61% used [0x0000000770900000,0x0000000770f7f678,0x0000000771380000)
  to   space 10752K, 0% used [0x0000000771380000,0x0000000771380000,0x0000000771e00000)
 ParOldGen       total 172032K, used 80K [0x00000006c5e00000, 0x00000006d0600000, 0x000000076ca00000)
  object space 172032K, 0% used [0x00000006c5e00000,0x00000006c5e14010,0x00000006d0600000)
 Metaspace       used 20458K, capacity 21086K, committed 21248K, reserved 1067008K
  class space    used 2806K, capacity 2954K, committed 3072K, reserved 1048576K
Event: 0.610 GC heap after
Heap after GC invocations=2 (full 1):
 PSYoungGen      total 75264K, used 0K [0x000000076ca00000, 0x0000000771e00000, 0x00000007c0000000)
  eden space 64512K, 0% used [0x000000076ca00000,0x000000076ca00000,0x0000000770900000)
  from space 10752K, 0% used [0x0000000770900000,0x0000000770900000,0x0000000771380000)
  to   space 10752K, 0% used [0x0000000771380000,0x0000000771380000,0x0000000771e00000)
 ParOldGen       total 121344K, used 6304K [0x00000006c5e00000, 0x00000006cd480000, 0x000000076ca00000)
  object space 121344K, 5% used [0x00000006c5e00000,0x00000006c64280b0,0x00000006cd480000)
 Metaspace       used 20458K, capacity 21086K, committed 21248K, reserved 1067008K
  class space    used 2806K, capacity 2954K, committed 3072K, reserved 1048576K
}
Event: 9.052 GC heap before
{Heap before GC invocations=3 (full 1):
 PSYoungGen      total 75264K, used 64461K [0x000000076ca00000, 0x0000000771e00000, 0x00000007c0000000)
  eden space 64512K, 99% used [0x000000076ca00000,0x00000007708f3478,0x0000000770900000)
  from space 10752K, 0% used [0x0000000770900000,0x0000000770900000,0x0000000771380000)
  to   space 10752K, 0% used [0x0000000771380000,0x0000000771380000,0x0000000771e00000)
 ParOldGen       total 121344K, used 6304K [0x00000006c5e00000, 0x00000006cd480000, 0x000000076ca00000)
  object space 121344K, 5% used [0x00000006c5e00000,0x00000006c64280b0,0x00000006cd480000)
 Metaspace       used 23783K, capacity 24656K, committed 24960K, reserved 1071104K
  class space    used 3198K, capacity 3407K, committed 3456K, reserved 1048576K
Event: 9.057 GC heap after
Heap after GC invocations=3 (full 1):
 PSYoungGen      total 75264K, used 6785K [0x000000076ca00000, 0x0000000772700000, 0x00000007c0000000)
  eden space 64512K, 0% used [0x000000076ca00000,0x000000076ca00000,0x0000000770900000)
  from space 10752K, 63% used [0x0000000771380000,0x0000000771a204a0,0x0000000771e00000)
  to   space 10752K, 0% used [0x0000000770900000,0x0000000770900000,0x0000000771380000)
 ParOldGen       total 121344K, used 6312K [0x00000006c5e00000, 0x00000006cd480000, 0x000000076ca00000)
  object space 121344K, 5% used [0x00000006c5e00000,0x00000006c642a0b0,0x00000006cd480000)
 Metaspace       used 23783K, capacity 24656K, committed 24960K, reserved 1071104K
  class space    used 3198K, capacity 3407K, committed 3456K, reserved 1048576K
}
Event: 9.064 GC heap before
{Heap before GC invocations=4 (full 1):
 PSYoungGen      total 75264K, used 71290K [0x000000076ca00000, 0x0000000772700000, 0x00000007c0000000)
  eden space 64512K, 99% used [0x000000076ca00000,0x00000007708fe400,0x0000000770900000)
  from space 10752K, 63% used [0x0000000771380000,0x0000000771a204a0,0x0000000771e00000)
  to   space 10752K, 0% used [0x0000000770900000,0x0000000770900000,0x0000000771380000)
 ParOldGen       total 121344K, used 6312K [0x00000006c5e00000, 0x00000006cd480000, 0x000000076ca00000)
  object space 121344K, 5% used [0x00000006c5e00000,0x00000006c642a0b0,0x00000006cd480000)
 Metaspace       used 23783K, capacity 24656K, committed 24960K, reserved 1071104K
  class space    used 3198K, capacity 3407K, committed 3456K, reserved 1048576K
Event: 9.068 GC heap after
Heap after GC invocations=4 (full 1):
 PSYoungGen      total 75264K, used 5484K [0x000000076ca00000, 0x0000000775280000, 0x00000007c0000000)
  eden space 64512K, 0% used [0x000000076ca00000,0x000000076ca00000,0x0000000770900000)
  from space 10752K, 51% used [0x0000000770900000,0x0000000770e5b150,0x0000000771380000)
  to   space 10752K, 0% used [0x0000000774800000,0x0000000774800000,0x0000000775280000)
 ParOldGen       total 121344K, used 6312K [0x00000006c5e00000, 0x00000006cd480000, 0x000000076ca00000)
  object space 121344K, 5% used [0x00000006c5e00000,0x00000006c642a0b0,0x00000006cd480000)
 Metaspace       used 23783K, capacity 24656K, committed 24960K, reserved 1071104K
  class space    used 3198K, capacity 3407K, committed 3456K, reserved 1048576K
}
Event: 9.074 GC heap before
{Heap before GC invocations=5 (full 1):
 PSYoungGen      total 75264K, used 69916K [0x000000076ca00000, 0x0000000775280000, 0x00000007c0000000)
  eden space 64512K, 99% used [0x000000076ca00000,0x00000007708ec120,0x0000000770900000)
  from space 10752K, 51% used [0x0000000770900000,0x0000000770e5b150,0x0000000771380000)
  to   space 10752K, 0% used [0x0000000774800000,0x0000000774800000,0x0000000775280000)
 ParOldGen       total 121344K, used 6312K [0x00000006c5e00000, 0x00000006cd480000, 0x000000076ca00000)
  object space 121344K, 5% used [0x00000006c5e00000,0x00000006c642a0b0,0x00000006cd480000)
 Metaspace       used 23783K, capacity 24656K, committed 24960K, reserved 1071104K
  class space    used 3198K, capacity 3407K, committed 3456K, reserved 1048576K
Event: 9.077 GC heap after
Heap after GC invocations=5 (full 1):
 PSYoungGen      total 129024K, used 7690K [0x000000076ca00000, 0x0000000775580000, 0x00000007c0000000)
  eden space 118272K, 0% used [0x000000076ca00000,0x000000076ca00000,0x0000000773d80000)
  from space 10752K, 71% used [0x0000000774800000,0x0000000774f82ab0,0x0000000775280000)
  to   space 10752K, 0% used [0x0000000773d80000,0x0000000773d80000,0x0000000774800000)
 ParOldGen       total 121344K, used 6320K [0x00000006c5e00000, 0x00000006cd480000, 0x000000076ca00000)
  object space 121344K, 5% used [0x00000006c5e00000,0x00000006c642c0b0,0x00000006cd480000)
 Metaspace       used 23783K, capacity 24656K, committed 24960K, reserved 1071104K
  class space    used 3198K, capacity 3407K, committed 3456K, reserved 1048576K
}
Event: 12.014 GC heap before
{Heap before GC invocations=6 (full 1):
 PSYoungGen      total 129024K, used 125962K [0x000000076ca00000, 0x0000000775580000, 0x00000007c0000000)
  eden space 118272K, 100% used [0x000000076ca00000,0x0000000773d80000,0x0000000773d80000)
  from space 10752K, 71% used [0x0000000774800000,0x0000000774f82ab0,0x0000000775280000)
  to   space 10752K, 0% used [0x0000000773d80000,0x0000000773d80000,0x0000000774800000)
 ParOldGen       total 121344K, used 6320K [0x00000006c5e00000, 0x00000006cd480000, 0x000000076ca00000)
  object space 121344K, 5% used [0x00000006c5e00000,0x00000006c642c0b0,0x00000006cd480000)
 Metaspace       used 24110K, capacity 24932K, committed 25216K, reserved 1071104K
  class space    used 3227K, capacity 3413K, committed 3456K, reserved 1048576K
Event: 12.017 GC heap after
Heap after GC invocations=6 (full 1):
 PSYoungGen      total 129024K, used 8716K [0x000000076ca00000, 0x000000077b100000, 0x00000007c0000000)
  eden space 118272K, 0% used [0x000000076ca00000,0x000000076ca00000,0x0000000773d80000)
  from space 10752K, 81% used [0x0000000773d80000,0x0000000774603238,0x0000000774800000)
  to   space 9216K, 0% used [0x000000077a800000,0x000000077a800000,0x000000077b100000)
 ParOldGen       total 121344K, used 6328K [0x00000006c5e00000, 0x00000006cd480000, 0x000000076ca00000)
  object space 121344K, 5% used [0x00000006c5e00000,0x00000006c642e0b0,0x00000006cd480000)
 Metaspace       used 24110K, capacity 24932K, committed 25216K, reserved 1071104K
  class space    used 3227K, capacity 3413K, committed 3456K, reserved 1048576K
}

