# JRE version: Java(TM) SE Runtime Environment (8.0_144-b01) (build 1.8.0_144-b01)
# Java VM: Java HotSpot(TM) 64-Bit Server VM (25.144-b01 mixed mode windows-amd64 compressed oops)
Heap:
 PSYoungGen      total 139776K, used 118731K [0x000000076ca00000, 0x000000077df00000, 0x00000007c0000000)
  eden space 129024K, 92% used [0x000000076ca00000,0x0000000773df2c30,0x0000000774800000)
  from space 10752K, 0% used [0x0000000774800000,0x0000000774800000,0x0000000775280000)
  to   space 12800K, 0% used [0x000000077d280000,0x000000077d280000,0x000000077df00000)
 ParOldGen       total 80896K, used 9235K [0x00000006c5e00000, 0x00000006cad00000, 0x000000076ca00000)
  object space 80896K, 11% used [0x00000006c5e00000,0x00000006c6704ce8,0x00000006cad00000)
 Metaspace       used 25780K, capacity 26734K, committed 26880K, reserved 1073152K
  class space    used 3325K, capacity 3528K, committed 3584K, reserved 1048576K
GC Heap History (10 events):
Event: 0.916 GC heap before
{Heap before GC invocations=2 (full 0):
 PSYoungGen      total 75264K, used 75149K [0x000000076ca00000, 0x0000000771e00000, 0x00000007c0000000)
  eden space 64512K, 99% used [0x000000076ca00000,0x00000007708ea2f8,0x0000000770900000)
  from space 10752K, 99% used [0x0000000770900000,0x0000000771379378,0x0000000771380000)
  to   space 10752K, 0% used [0x0000000771380000,0x0000000771380000,0x0000000771e00000)
 ParOldGen       total 172032K, used 1134K [0x00000006c5e00000, 0x00000006d0600000, 0x000000076ca00000)
  object space 172032K, 0% used [0x00000006c5e00000,0x00000006c5f1bae0,0x00000006d0600000)
 Metaspace       used 20239K, capacity 21004K, committed 21248K, reserved 1067008K
  class space    used 2801K, capacity 2985K, committed 3072K, reserved 1048576K
Event: 0.923 GC heap after
Heap after GC invocations=2 (full 0):
 PSYoungGen      total 75264K, used 10742K [0x000000076ca00000, 0x0000000775d00000, 0x00000007c0000000)
  eden space 64512K, 0% used [0x000000076ca00000,0x000000076ca00000,0x0000000770900000)
  from space 10752K, 99% used [0x0000000771380000,0x0000000771dfd990,0x0000000771e00000)
  to   space 10752K, 0% used [0x0000000770900000,0x0000000770900000,0x0000000771380000)
 ParOldGen       total 172032K, used 1150K [0x00000006c5e00000, 0x00000006d0600000, 0x000000076ca00000)
  object space 172032K, 0% used [0x00000006c5e00000,0x00000006c5f1fae0,0x00000006d0600000)
 Metaspace       used 20239K, capacity 21004K, committed 21248K, reserved 1067008K
  class space    used 2801K, capacity 2985K, committed 3072K, reserved 1048576K
}
Event: 0.932 GC heap before
{Heap before GC invocations=3 (full 0):
 PSYoungGen      total 75264K, used 75161K [0x000000076ca00000, 0x0000000775d00000, 0x00000007c0000000)
  eden space 64512K, 99% used [0x000000076ca00000,0x00000007708e8b40,0x0000000770900000)
  from space 10752K, 99% used [0x0000000771380000,0x0000000771dfd990,0x0000000771e00000)
  to   space 10752K, 0% used [0x0000000770900000,0x0000000770900000,0x0000000771380000)
 ParOldGen       total 172032K, used 1150K [0x00000006c5e00000, 0x00000006d0600000, 0x000000076ca00000)
  object space 172032K, 0% used [0x00000006c5e00000,0x00000006c5f1fae0,0x00000006d0600000)
 Metaspace       used 20240K, capacity 21004K, committed 21248K, reserved 1067008K
  class space    used 2801K, capacity 2985K, committed 3072K, reserved 1048576K
Event: 0.938 GC heap after
Heap after GC invocations=3 (full 0):
 PSYoungGen      total 75264K, used 8698K [0x000000076ca00000, 0x0000000775d00000, 0x00000007c0000000)
  eden space 64512K, 0% used [0x000000076ca00000,0x000000076ca00000,0x0000000770900000)
  from space 10752K, 80% used [0x0000000770900000,0x000000077117ea80,0x0000000771380000)
  to   space 10752K, 0% used [0x0000000775280000,0x0000000775280000,0x0000000775d00000)
 ParOldGen       total 172032K, used 1158K [0x00000006c5e00000, 0x00000006d0600000, 0x000000076ca00000)
  object space 172032K, 0% used [0x00000006c5e00000,0x00000006c5f21ae0,0x00000006d0600000)
 Metaspace       used 20240K, capacity 21004K, committed 21248K, reserved 1067008K
  class space    used 2801K, capacity 2985K, committed 3072K, reserved 1048576K
}
Event: 0.945 GC heap before
{Heap before GC invocations=4 (full 0):
 PSYoungGen      total 75264K, used 73201K [0x000000076ca00000, 0x0000000775d00000, 0x00000007c0000000)
  eden space 64512K, 99% used [0x000000076ca00000,0x00000007708fdc90,0x0000000770900000)
  from space 10752K, 80% used [0x0000000770900000,0x000000077117ea80,0x0000000771380000)
  to   space 10752K, 0% used [0x0000000775280000,0x0000000775280000,0x0000000775d00000)
 ParOldGen       total 172032K, used 1158K [0x00000006c5e00000, 0x00000006d0600000, 0x000000076ca00000)
  object space 172032K, 0% used [0x00000006c5e00000,0x00000006c5f21ae0,0x00000006d0600000)
 Metaspace       used 20240K, capacity 21004K, committed 21248K, reserved 1067008K
  class space    used 2801K, capacity 2985K, committed 3072K, reserved 1048576K
Event: 0.950 GC heap after
Heap after GC invocations=4 (full 0):
 PSYoungGen      total 139776K, used 10747K [0x000000076ca00000, 0x0000000775d00000, 0x00000007c0000000)
  eden space 129024K, 0% used [0x000000076ca00000,0x000000076ca00000,0x0000000774800000)
  from space 10752K, 99% used [0x0000000775280000,0x0000000775cfefa0,0x0000000775d00000)
  to   space 10752K, 0% used [0x0000000774800000,0x0000000774800000,0x0000000775280000)
 ParOldGen       total 172032K, used 1214K [0x00000006c5e00000, 0x00000006d0600000, 0x000000076ca00000)
  object space 172032K, 0% used [0x00000006c5e00000,0x00000006c5f2fae0,0x00000006d0600000)
 Metaspace       used 20240K, capacity 21004K, committed 21248K, reserved 1067008K
  class space    used 2801K, capacity 2985K, committed 3072K, reserved 1048576K
}
Event: 0.998 GC heap before
{Heap before GC invocations=5 (full 0):
 PSYoungGen      total 139776K, used 74721K [0x000000076ca00000, 0x0000000775d00000, 0x00000007c0000000)
  eden space 129024K, 49% used [0x000000076ca00000,0x0000000770879530,0x0000000774800000)
  from space 10752K, 99% used [0x0000000775280000,0x0000000775cfefa0,0x0000000775d00000)
  to   space 10752K, 0% used [0x0000000774800000,0x0000000774800000,0x0000000775280000)
 ParOldGen       total 172032K, used 1214K [0x00000006c5e00000, 0x00000006d0600000, 0x000000076ca00000)
  object space 172032K, 0% used [0x00000006c5e00000,0x00000006c5f2fae0,0x00000006d0600000)
 Metaspace       used 20459K, capacity 21164K, committed 21248K, reserved 1067008K
  class space    used 2827K, capacity 3017K, committed 3072K, reserved 1048576K
Event: 1.003 GC heap after
Heap after GC invocations=5 (full 0):
 PSYoungGen      total 139776K, used 10730K [0x000000076ca00000, 0x000000077df00000, 0x00000007c0000000)
  eden space 129024K, 0% used [0x000000076ca00000,0x000000076ca00000,0x0000000774800000)
  from space 10752K, 99% used [0x0000000774800000,0x000000077527ab20,0x0000000775280000)
  to   space 12800K, 0% used [0x000000077d280000,0x000000077d280000,0x000000077df00000)
 ParOldGen       total 172032K, used 1642K [0x00000006c5e00000, 0x00000006d0600000, 0x000000076ca00000)
  object space 172032K, 0% used [0x00000006c5e00000,0x00000006c5f9abe8,0x00000006d0600000)
 Metaspace       used 20459K, capacity 21164K, committed 21248K, reserved 1067008K
  class space    used 2827K, capacity 3017K, committed 3072K, reserved 1048576K
}
Event: 1.003 GC heap before
{Heap before GC invocations=6 (full 1):
 PSYoungGen      total 139776K, used 10730K [0x000000076ca00000, 0x000000077df00000, 0x00000007c0000000)
  eden space 129024K, 0% used [0x000000076ca00000,0x000000076ca00000,0x0000000774800000)
  from space 10752K, 99% used [0x0000000774800000,0x000000077527ab20,0x0000000775280000)
  to   space 12800K, 0% used [0x000000077d280000,0x000000077d280000,0x000000077df00000)
 ParOldGen       total 172032K, used 1642K [0x00000006c5e00000, 0x00000006d0600000, 0x000000076ca00000)
  object space 172032K, 0% used [0x00000006c5e00000,0x00000006c5f9abe8,0x00000006d0600000)
 Metaspace       used 20459K, capacity 21164K, committed 21248K, reserved 1067008K
  class space    used 2827K, capacity 3017K, committed 3072K, reserved 1048576K
Event: 1.024 GC heap after
Heap after GC invocations=6 (full 1):
 PSYoungGen      total 139776K, used 0K [0x000000076ca00000, 0x000000077df00000, 0x00000007c0000000)
  eden space 129024K, 0% used [0x000000076ca00000,0x000000076ca00000,0x0000000774800000)
  from space 10752K, 0% used [0x0000000774800000,0x0000000774800000,0x0000000775280000)
  to   space 12800K, 0% used [0x000000077d280000,0x000000077d280000,0x000000077df00000)
 ParOldGen       total 80896K, used 9235K [0x00000006c5e00000, 0x00000006cad00000, 0x000000076ca00000)
  object space 80896K, 11% used [0x00000006c5e00000,0x00000006c6704ce8,0x00000006cad00000)
 Metaspace       used 20459K, capacity 21164K, committed 21248K, reserved 1067008K
  class space    used 2827K, capacity 3017K, committed 3072K, reserved 1048576K
}

